TN:
SF:src/domain/checkout/entity/order.ts
FN:8,Order
FN:16,get id
FN:20,get customerId
FN:24,get items
FN:28,validate
FN:46,total
FNF:6
FNH:6
FNDA:10,Order
FNDA:2,get id
FNDA:1,get customerId
FNDA:1,get items
FNDA:10,validate
FNDA:19,total
DA:1,1
DA:2,1
DA:3,1
DA:4,1
DA:5,1
DA:6,1
DA:7,1
DA:8,1
DA:9,10
DA:10,10
DA:11,10
DA:12,10
DA:13,10
DA:14,10
DA:15,1
DA:16,1
DA:17,2
DA:18,2
DA:19,1
DA:20,1
DA:21,1
DA:22,1
DA:23,1
DA:24,1
DA:25,1
DA:26,1
DA:27,1
DA:28,1
DA:29,10
DA:30,1
DA:31,1
DA:32,10
DA:33,1
DA:34,1
DA:35,10
DA:36,1
DA:37,1
DA:38,10
DA:39,10
DA:40,1
DA:41,1
DA:42,6
DA:43,6
DA:44,6
DA:45,1
DA:46,1
DA:47,19
DA:48,19
DA:49,1
LF:49
LH:49
BRDA:8,0,0,10
BRDA:16,1,0,2
BRDA:20,2,0,1
BRDA:24,3,0,1
BRDA:28,4,0,10
BRDA:29,5,0,1
BRDA:32,6,0,1
BRDA:35,7,0,1
BRDA:39,8,0,1
BRDA:42,9,0,6
BRDA:39,10,0,8
BRDA:46,11,0,19
BRDA:47,12,0,18
BRF:13
BRH:13
end_of_record
TN:
SF:src/domain/checkout/entity/order_item.ts
FN:8,OrderItem
FN:22,get id
FN:26,get name
FN:30,get productId
FN:34,get quantity
FN:38,get price
FNF:6
FNH:6
FNDA:7,OrderItem
FNDA:2,get id
FNDA:2,get name
FNDA:1,get productId
FNDA:10,get quantity
FNDA:20,get price
DA:1,1
DA:2,1
DA:3,1
DA:4,1
DA:5,1
DA:6,1
DA:7,1
DA:8,1
DA:9,7
DA:10,7
DA:11,7
DA:12,7
DA:13,7
DA:14,7
DA:15,7
DA:16,7
DA:17,7
DA:18,7
DA:19,7
DA:20,7
DA:21,1
DA:22,1
DA:23,2
DA:24,2
DA:25,1
DA:26,1
DA:27,2
DA:28,2
DA:29,1
DA:30,1
DA:31,1
DA:32,1
DA:33,1
DA:34,1
DA:35,10
DA:36,10
DA:37,1
DA:38,1
DA:39,20
DA:40,20
DA:41,1
LF:41
LH:41
BRDA:8,0,0,7
BRDA:22,1,0,2
BRDA:26,2,0,2
BRDA:30,3,0,1
BRDA:34,4,0,10
BRDA:38,5,0,20
BRF:6
BRH:6
end_of_record
TN:
SF:src/domain/checkout/service/order.service.ts
FN:7,placeOrder
FN:16,total
FNF:2
FNH:2
FNDA:1,placeOrder
FNDA:1,total
DA:1,1
DA:2,1
DA:3,1
DA:4,1
DA:5,1
DA:6,1
DA:7,1
DA:8,1
DA:9,0
DA:10,0
DA:11,1
DA:12,1
DA:13,1
DA:14,1
DA:15,1
DA:16,1
DA:17,1
DA:18,1
DA:19,1
LF:19
LH:17
BRDA:7,0,0,1
BRDA:8,1,0,0
BRDA:16,2,0,1
BRDA:17,3,0,2
BRF:4
BRH:3
end_of_record
TN:
SF:src/domain/customer/entity/customer.ts
FN:5,<instance_members_initializer>
FN:10,Customer
FN:16,get id
FN:20,get name
FN:24,get rewardPoints
FN:28,validate
FN:37,changeName
FN:42,get Address
FN:46,changeAddress
FN:50,isActive
FN:54,activate
FN:61,deactivate
FN:65,addRewardPoints
FN:69,set Address
FNF:14
FNH:14
FNDA:17,<instance_members_initializer>
FNDA:17,Customer
FNDA:9,get id
FNDA:10,get name
FNDA:13,get rewardPoints
FNDA:19,validate
FNDA:2,changeName
FNDA:28,get Address
FNDA:4,changeAddress
FNDA:11,isActive
FNDA:4,activate
FNDA:1,deactivate
FNDA:7,addRewardPoints
FNDA:6,set Address
DA:1,1
DA:2,1
DA:3,1
DA:4,1
DA:5,1
DA:6,17
DA:7,17
DA:8,1
DA:9,1
DA:10,1
DA:11,17
DA:12,17
DA:13,17
DA:14,17
DA:15,1
DA:16,1
DA:17,9
DA:18,9
DA:19,1
DA:20,1
DA:21,10
DA:22,10
DA:23,1
DA:24,1
DA:25,13
DA:26,13
DA:27,1
DA:28,1
DA:29,19
DA:30,1
DA:31,1
DA:32,19
DA:33,1
DA:34,1
DA:35,19
DA:36,1
DA:37,1
DA:38,2
DA:39,2
DA:40,2
DA:41,1
DA:42,1
DA:43,28
DA:44,28
DA:45,1
DA:46,1
DA:47,4
DA:48,4
DA:49,1
DA:50,1
DA:51,11
DA:52,11
DA:53,1
DA:54,1
DA:55,4
DA:56,1
DA:57,1
DA:58,3
DA:59,3
DA:60,1
DA:61,1
DA:62,1
DA:63,1
DA:64,1
DA:65,1
DA:66,7
DA:67,7
DA:68,1
DA:69,1
DA:70,6
DA:71,6
DA:72,1
LF:72
LH:72
BRDA:5,0,0,17
BRDA:10,1,0,17
BRDA:16,2,0,9
BRDA:20,3,0,10
BRDA:24,4,0,13
BRDA:28,5,0,19
BRDA:29,6,0,1
BRDA:32,7,0,18
BRDA:32,8,0,1
BRDA:37,9,0,2
BRDA:42,10,0,28
BRDA:46,11,0,4
BRDA:50,12,0,11
BRDA:54,13,0,4
BRDA:55,14,0,3
BRDA:55,15,0,1
BRDA:61,16,0,1
BRDA:65,17,0,7
BRDA:69,18,0,6
BRF:19
BRH:19
end_of_record
TN:
SF:src/domain/customer/value-object/address.ts
FN:2,<instance_members_initializer>
FN:7,Address
FN:16,get street
FN:20,get number
FN:24,get zip
FN:28,get city
FN:32,validate
FN:47,toString
FNF:8
FNH:8
FNDA:15,<instance_members_initializer>
FNDA:15,Address
FNDA:10,get street
FNDA:10,get number
FNDA:10,get zip
FNDA:10,get city
FNDA:15,validate
FNDA:1,toString
DA:1,1
DA:2,1
DA:3,15
DA:4,15
DA:5,1
DA:6,1
DA:7,1
DA:8,15
DA:9,15
DA:10,15
DA:11,15
DA:12,15
DA:13,15
DA:14,15
DA:15,1
DA:16,1
DA:17,10
DA:18,10
DA:19,1
DA:20,1
DA:21,10
DA:22,10
DA:23,1
DA:24,1
DA:25,10
DA:26,10
DA:27,1
DA:28,1
DA:29,10
DA:30,10
DA:31,1
DA:32,1
DA:33,15
DA:34,1
DA:35,1
DA:36,15
DA:37,1
DA:38,1
DA:39,15
DA:40,1
DA:41,1
DA:42,15
DA:43,1
DA:44,1
DA:45,15
DA:46,1
DA:47,1
DA:48,1
DA:49,1
DA:50,1
LF:50
LH:50
BRDA:2,0,0,15
BRDA:7,1,0,15
BRDA:16,2,0,10
BRDA:20,3,0,10
BRDA:24,4,0,10
BRDA:28,5,0,10
BRDA:32,6,0,15
BRDA:33,7,0,1
BRDA:36,8,0,1
BRDA:39,9,0,1
BRDA:42,10,0,1
BRDA:47,11,0,1
BRF:12
BRH:12
end_of_record
TN:
SF:src/domain/product/entity/product.ts
FN:6,Product
FN:13,get id
FN:17,get name
FN:21,get price
FN:25,changeName
FN:30,changePrice
FN:35,validate
FNF:7
FNH:7
FNDA:16,Product
FNDA:10,get id
FNDA:10,get name
FNDA:16,get price
FNDA:2,changeName
FNDA:4,changePrice
FNDA:22,validate
DA:1,1
DA:2,1
DA:3,1
DA:4,1
DA:5,1
DA:6,1
DA:7,16
DA:8,16
DA:9,16
DA:10,16
DA:11,16
DA:12,1
DA:13,1
DA:14,10
DA:15,10
DA:16,1
DA:17,1
DA:18,10
DA:19,10
DA:20,1
DA:21,1
DA:22,16
DA:23,16
DA:24,1
DA:25,1
DA:26,2
DA:27,2
DA:28,2
DA:29,1
DA:30,1
DA:31,4
DA:32,4
DA:33,4
DA:34,1
DA:35,1
DA:36,22
DA:37,1
DA:38,1
DA:39,22
DA:40,1
DA:41,1
DA:42,22
DA:43,1
DA:44,1
DA:45,22
DA:46,22
DA:47,1
LF:47
LH:47
BRDA:6,0,0,16
BRDA:13,1,0,10
BRDA:17,2,0,10
BRDA:21,3,0,16
BRDA:25,4,0,2
BRDA:30,5,0,4
BRDA:35,6,0,22
BRDA:36,7,0,1
BRDA:39,8,0,1
BRDA:42,9,0,1
BRF:10
BRH:10
end_of_record
TN:
SF:src/domain/product/service/product.service.ts
FN:4,increasePrice
FNF:1
FNH:1
FNDA:1,increasePrice
DA:1,1
DA:2,1
DA:3,1
DA:4,1
DA:5,1
DA:6,2
DA:7,1
DA:8,1
DA:9,1
DA:10,1
LF:10
LH:10
BRDA:4,0,0,1
BRDA:5,1,0,2
BRF:2
BRH:2
end_of_record
TN:
SF:src/infrastructure/customer/repository/sequelize/customer.model.ts
FNF:0
FNH:0
DA:1,1
DA:2,1
DA:3,1
DA:4,1
DA:5,1
DA:6,1
DA:7,1
DA:8,1
DA:9,1
DA:10,1
DA:11,1
DA:12,1
DA:13,1
DA:14,1
DA:15,1
DA:16,1
DA:17,1
DA:18,1
DA:19,1
DA:20,1
DA:21,1
DA:22,1
DA:23,1
DA:24,1
DA:25,1
DA:26,1
DA:27,1
DA:28,1
DA:29,1
DA:30,1
DA:31,1
DA:32,1
DA:33,1
DA:34,1
DA:35,1
DA:36,1
DA:37,1
LF:37
LH:37
BRF:0
BRH:0
end_of_record
TN:
SF:src/infrastructure/customer/repository/sequelize/customer.repository.ts
FN:7,create
FN:20,update
FN:39,find
FN:63,findAll
FNF:4
FNH:4
FNDA:6,create
FNDA:1,update
FNDA:2,find
FNDA:1,findAll
DA:1,1
DA:2,1
DA:3,1
DA:4,1
DA:5,1
DA:6,1
DA:7,1
DA:8,6
DA:9,6
DA:10,6
DA:11,6
DA:12,6
DA:13,6
DA:14,6
DA:15,6
DA:16,6
DA:17,6
DA:18,6
DA:19,1
DA:20,1
DA:21,1
DA:22,1
DA:23,1
DA:24,1
DA:25,1
DA:26,1
DA:27,1
DA:28,1
DA:29,1
DA:30,1
DA:31,1
DA:32,1
DA:33,1
DA:34,1
DA:35,1
DA:36,1
DA:37,1
DA:38,1
DA:39,1
DA:40,2
DA:41,2
DA:42,2
DA:43,2
DA:44,2
DA:45,2
DA:46,2
DA:47,2
DA:48,1
DA:49,1
DA:50,1
DA:51,1
DA:52,1
DA:53,1
DA:54,1
DA:55,1
DA:56,1
DA:57,1
DA:58,1
DA:59,1
DA:60,1
DA:61,1
DA:62,1
DA:63,1
DA:64,1
DA:65,1
DA:66,1
DA:67,2
DA:68,2
DA:69,2
DA:70,2
DA:71,2
DA:72,2
DA:73,2
DA:74,2
DA:75,2
DA:76,2
DA:77,1
DA:78,1
DA:79,2
DA:80,2
DA:81,1
DA:82,1
DA:83,1
DA:84,1
LF:84
LH:84
BRDA:7,0,0,6
BRDA:20,1,0,1
BRDA:39,2,0,2
BRDA:48,3,0,1
BRDA:63,4,0,1
BRDA:66,5,0,2
BRDA:76,6,0,1
BRF:7
BRH:7
end_of_record
TN:
SF:src/infrastructure/order/repository/sequilize/order-item.model.ts
FNF:0
FNH:0
DA:1,1
DA:2,1
DA:3,1
DA:4,1
DA:5,1
DA:6,1
DA:7,1
DA:8,1
DA:9,1
DA:10,1
DA:11,1
DA:12,1
DA:13,1
DA:14,1
DA:15,1
DA:16,1
DA:17,1
DA:18,1
DA:19,1
DA:20,1
DA:21,1
DA:22,1
DA:23,1
DA:24,1
DA:25,1
DA:26,1
DA:27,1
DA:28,1
DA:29,1
DA:30,1
DA:31,1
DA:32,1
DA:33,1
DA:34,1
DA:35,1
DA:36,1
DA:37,1
DA:38,1
DA:39,1
DA:40,1
DA:41,1
DA:42,1
DA:43,1
DA:44,1
LF:44
LH:44
BRDA:27,0,0,0
BRDA:34,1,0,0
BRDA:22,2,0,5
BRDA:26,3,0,2
BRDA:29,4,0,2
BRDA:33,5,0,2
BRF:6
BRH:4
end_of_record
TN:
SF:src/infrastructure/order/repository/sequilize/order.model.ts
FNF:0
FNH:0
DA:1,1
DA:2,1
DA:3,1
DA:4,1
DA:5,1
DA:6,1
DA:7,1
DA:8,1
DA:9,1
DA:10,1
DA:11,1
DA:12,1
DA:13,1
DA:14,1
DA:15,1
DA:16,1
DA:17,1
DA:18,1
DA:19,1
DA:20,1
DA:21,1
DA:22,1
DA:23,1
DA:24,1
DA:25,1
DA:26,1
DA:27,1
DA:28,1
DA:29,1
DA:30,1
DA:31,1
DA:32,1
DA:33,1
DA:34,1
LF:34
LH:34
BRDA:27,0,0,0
BRDA:22,1,0,1
BRDA:26,2,0,3
BRDA:29,3,0,3
BRF:4
BRH:3
end_of_record
TN:
SF:src/infrastructure/order/repository/sequilize/order.repository.ts
FN:6,create
FNF:1
FNH:1
FNDA:1,create
DA:1,1
DA:2,1
DA:3,1
DA:4,1
DA:5,1
DA:6,1
DA:7,1
DA:8,1
DA:9,1
DA:10,1
DA:11,1
DA:12,1
DA:13,1
DA:14,1
DA:15,1
DA:16,1
DA:17,1
DA:18,1
DA:19,1
DA:20,1
DA:21,1
DA:22,1
DA:23,1
DA:24,1
DA:25,1
LF:25
LH:25
BRDA:6,0,0,1
BRDA:12,1,0,1
BRF:2
BRH:2
end_of_record
TN:
SF:src/infrastructure/product/repository/sequelize/product.model.ts
FNF:0
FNH:0
DA:1,1
DA:2,1
DA:3,1
DA:4,1
DA:5,1
DA:6,1
DA:7,1
DA:8,1
DA:9,1
DA:10,1
DA:11,1
DA:12,1
DA:13,1
DA:14,1
DA:15,1
DA:16,1
DA:17,1
LF:17
LH:17
BRF:0
BRH:0
end_of_record
TN:
SF:src/infrastructure/product/repository/sequelize/product.repository.ts
FN:6,create
FN:14,update
FN:28,find
FN:37,findAll
FNF:4
FNH:4
FNDA:6,create
FNDA:1,update
FNDA:1,find
FNDA:1,findAll
DA:1,1
DA:2,1
DA:3,1
DA:4,1
DA:5,1
DA:6,1
DA:7,6
DA:8,6
DA:9,6
DA:10,6
DA:11,6
DA:12,6
DA:13,1
DA:14,1
DA:15,1
DA:16,1
DA:17,1
DA:18,1
DA:19,1
DA:20,1
DA:21,1
DA:22,1
DA:23,1
DA:24,1
DA:25,1
DA:26,1
DA:27,1
DA:28,1
DA:29,1
DA:30,1
DA:31,1
DA:32,1
DA:33,1
DA:34,1
DA:35,1
DA:36,1
DA:37,1
DA:38,1
DA:39,1
DA:40,2
DA:41,1
DA:42,1
DA:43,1
LF:43
LH:43
BRDA:6,0,0,6
BRDA:14,1,0,1
BRDA:28,2,0,1
BRDA:37,3,0,1
BRDA:39,4,0,2
BRF:5
BRH:5
end_of_record
